<?xml version="1.0" encoding="UTF-8"?>
<testsuite xmlns:xsi="http://www.w3.org/2001/XMLSchema-instance" xsi:noNamespaceSchemaLocation="https://maven.apache.org/surefire/maven-surefire-plugin/xsd/surefire-test-report.xsd" name="usercomponent.logic.UserContainerLogicTest" time="15.318" tests="3" errors="0" skipped="0" failures="0">
  <properties>
[...]
</properties>
  <testcase name="testGetUserByEmail" classname="usercomponent.logic.UserContainerLogicTest" time="8.285"/>
  <testcase name="testAddUser" classname="usercomponent.logic.UserContainerLogicTest" time="5.202"/>
  <testcase name="testAddUserUserAlreadyExists" classname="usercomponent.logic.UserContainerLogicTest" time="1.773"/>
</testsuite>