<?xml version="1.0" encoding="UTF-8"?>
<testsuite xmlns:xsi="http://www.w3.org/2001/XMLSchema-instance" xsi:noNamespaceSchemaLocation="https://maven.apache.org/surefire/maven-surefire-plugin/xsd/surefire-test-report.xsd" name="restmodule.repo.UserRepoTest" time="1.449" tests="1" errors="1" skipped="0" failures="0">
  <properties>
[...]
</properties>
  <testcase name="getServerWithSearchCode" classname="restmodule.repo.UserRepoTest" time="1.383">
    <error type="java.lang.NullPointerException">java.lang.NullPointerException
	at restmodule.repo.UserRepoTest.getServerWithSearchCode(UserRepoTest.java:29)
</error>
    <system-out><![CDATA[2020-06-03 14:24:07.874  INFO 2796 --- [           main] .b.t.c.SpringBootTestContextBootstrapper : Neither @ContextConfiguration nor @ContextHierarchy found for test class [restmodule.repo.UserRepoTest], using SpringBootContextLoader
2020-06-03 14:24:07.875  INFO 2796 --- [           main] o.s.t.c.support.AbstractContextLoader    : Could not detect default resource locations for test class [restmodule.repo.UserRepoTest]: no resource found for suffixes {-context.xml, Context.groovy}.
2020-06-03 14:24:07.875  INFO 2796 --- [           main] t.c.s.AnnotationConfigContextLoaderUtils : Could not detect default configuration classes for test class [restmodule.repo.UserRepoTest]: UserRepoTest does not declare any static, non-private, non-final, nested classes annotated with @Configuration.
2020-06-03 14:24:07.877  INFO 2796 --- [           main] .b.t.c.SpringBootTestContextBootstrapper : Found @SpringBootConfiguration restmodule.RestApplication for test class restmodule.repo.UserRepoTest
2020-06-03 14:24:07.878  INFO 2796 --- [           main] .b.t.c.SpringBootTestContextBootstrapper : Loaded default TestExecutionListener class names from location [META-INF/spring.factories]: [org.springframework.boot.test.mock.mockito.MockitoTestExecutionListener, org.springframework.boot.test.mock.mockito.ResetMocksTestExecutionListener, org.springframework.boot.test.autoconfigure.restdocs.RestDocsTestExecutionListener, org.springframework.boot.test.autoconfigure.web.client.MockRestServiceServerResetTestExecutionListener, org.springframework.boot.test.autoconfigure.web.servlet.MockMvcPrintOnlyOnFailureTestExecutionListener, org.springframework.boot.test.autoconfigure.web.servlet.WebDriverTestExecutionListener, org.springframework.test.context.web.ServletTestExecutionListener, org.springframework.test.context.support.DirtiesContextBeforeModesTestExecutionListener, org.springframework.test.context.support.DependencyInjectionTestExecutionListener, org.springframework.test.context.support.DirtiesContextTestExecutionListener, org.springframework.test.context.transaction.TransactionalTestExecutionListener, org.springframework.test.context.jdbc.SqlScriptsTestExecutionListener]
2020-06-03 14:24:07.878  INFO 2796 --- [           main] .b.t.c.SpringBootTestContextBootstrapper : Using TestExecutionListeners: [org.springframework.test.context.web.ServletTestExecutionListener@e0fbed5, org.springframework.test.context.support.DirtiesContextBeforeModesTestExecutionListener@27bf05af, org.springframework.boot.test.mock.mockito.MockitoTestExecutionListener@3681063, org.springframework.boot.test.autoconfigure.SpringBootDependencyInjectionTestExecutionListener@74944d7f, org.springframework.test.context.support.DirtiesContextTestExecutionListener@71ebc2e, org.springframework.test.context.transaction.TransactionalTestExecutionListener@5853431f, org.springframework.test.context.jdbc.SqlScriptsTestExecutionListener@1b7bab7e, org.springframework.boot.test.mock.mockito.ResetMocksTestExecutionListener@4dd2f2db, org.springframework.boot.test.autoconfigure.restdocs.RestDocsTestExecutionListener@3f5fd883, org.springframework.boot.test.autoconfigure.web.client.MockRestServiceServerResetTestExecutionListener@7dd63fcc, org.springframework.boot.test.autoconfigure.web.servlet.MockMvcPrintOnlyOnFailureTestExecutionListener@3bb04b53, org.springframework.boot.test.autoconfigure.web.servlet.WebDriverTestExecutionListener@61ae22d4]
2020-06-03 14:24:07.882  INFO 2796 --- [           main] o.s.s.concurrent.ThreadPoolTaskExecutor  : Shutting down ExecutorService 'applicationTaskExecutor'
2020-06-03 14:24:07.884  INFO 2796 --- [           main] j.LocalContainerEntityManagerFactoryBean : Closing JPA EntityManagerFactory for persistence unit 'default'
2020-06-03 14:24:07.884  INFO 2796 --- [           main] com.zaxxer.hikari.HikariDataSource       : HikariPool-2 - Shutdown initiated...
2020-06-03 14:24:07.886  INFO 2796 --- [           main] com.zaxxer.hikari.HikariDataSource       : HikariPool-2 - Shutdown completed.

  .   ____          _            __ _ _
 /\\ / ___'_ __ _ _(_)_ __  __ _ \ \ \ \
( ( )\___ | '_ | '_| | '_ \/ _` | \ \ \ \
 \\/  ___)| |_)| | | | | || (_| |  ) ) ) )
  '  |____| .__|_| |_|_| |_\__, | / / / /
 =========|_|==============|___/=/_/_/_/
 :: Spring Boot ::        (v2.1.6.RELEASE)

2020-06-03 14:24:07.902  INFO 2796 --- [           main] restmodule.repo.UserRepoTest             : Starting UserRepoTest on LAPTOP-M22C7KOM with PID 2796 (started by tomtr in C:\Development\School\Semester_4\Fun4\Github_projects\IceWollowBackEnd\IceWollowBackEnd\RestModule)
2020-06-03 14:24:07.903  INFO 2796 --- [           main] restmodule.repo.UserRepoTest             : No active profile set, falling back to default profiles: default
2020-06-03 14:24:08.194  INFO 2796 --- [           main] .s.d.r.c.RepositoryConfigurationDelegate : Bootstrapping Spring Data repositories in DEFAULT mode.
2020-06-03 14:24:08.207  INFO 2796 --- [           main] .s.d.r.c.RepositoryConfigurationDelegate : Finished Spring Data repository scanning in 13ms. Found 4 repository interfaces.
2020-06-03 14:24:08.262  INFO 2796 --- [           main] trationDelegate$BeanPostProcessorChecker : Bean 'org.springframework.transaction.annotation.ProxyTransactionManagementConfiguration' of type [org.springframework.transaction.annotation.ProxyTransactionManagementConfiguration$$EnhancerBySpringCGLIB$$12fd55ed] is not eligible for getting processed by all BeanPostProcessors (for example: not eligible for auto-proxying)
2020-06-03 14:24:08.279  INFO 2796 --- [           main] trationDelegate$BeanPostProcessorChecker : Bean 'org.springframework.hateoas.config.HateoasConfiguration' of type [org.springframework.hateoas.config.HateoasConfiguration$$EnhancerBySpringCGLIB$$927da31f] is not eligible for getting processed by all BeanPostProcessors (for example: not eligible for auto-proxying)
2020-06-03 14:24:08.357  INFO 2796 --- [           main] com.zaxxer.hikari.HikariDataSource       : HikariPool-3 - Starting...
2020-06-03 14:24:08.359  INFO 2796 --- [           main] com.zaxxer.hikari.HikariDataSource       : HikariPool-3 - Start completed.
2020-06-03 14:24:08.377  INFO 2796 --- [           main] o.hibernate.jpa.internal.util.LogHelper  : HHH000204: Processing PersistenceUnitInfo [
	name: default
	...]
2020-06-03 14:24:08.383  INFO 2796 --- [           main] org.hibernate.dialect.Dialect            : HHH000400: Using dialect: org.hibernate.dialect.H2Dialect
2020-06-03 14:24:08.462  INFO 2796 --- [           main] o.h.t.schema.internal.SchemaCreatorImpl  : HHH000476: Executing import script 'org.hibernate.tool.schema.internal.exec.ScriptSourceInputNonExistentImpl@5fa9971f'
2020-06-03 14:24:08.462  INFO 2796 --- [           main] j.LocalContainerEntityManagerFactoryBean : Initialized JPA EntityManagerFactory for persistence unit 'default'
2020-06-03 14:24:08.516  INFO 2796 --- [           main] o.h.h.i.QueryTranslatorFactoryInitiator  : HHH000397: Using ASTQueryTranslatorFactory
2020-06-03 14:24:08.729  WARN 2796 --- [           main] aWebConfiguration$JpaWebMvcConfiguration : spring.jpa.open-in-view is enabled by default. Therefore, database queries may be performed during view rendering. Explicitly configure spring.jpa.open-in-view to disable this warning
2020-06-03 14:24:08.904  INFO 2796 --- [           main] pertySourcedRequestMappingHandlerMapping : Mapped URL path [/v2/api-docs] onto method [public org.springframework.http.ResponseEntity<springfox.documentation.spring.web.json.Json> springfox.documentation.swagger2.web.Swagger2Controller.getDocumentation(java.lang.String,javax.servlet.http.HttpServletRequest)]
2020-06-03 14:24:09.051  INFO 2796 --- [           main] o.s.s.concurrent.ThreadPoolTaskExecutor  : Initializing ExecutorService 'applicationTaskExecutor'
2020-06-03 14:24:09.252  INFO 2796 --- [           main] d.s.w.p.DocumentationPluginsBootstrapper : Context refreshed
2020-06-03 14:24:09.253  INFO 2796 --- [           main] d.s.w.p.DocumentationPluginsBootstrapper : Found 1 custom documentation plugin(s)
2020-06-03 14:24:09.257  INFO 2796 --- [           main] s.d.s.w.s.ApiListingReferenceScanner     : Scanning for api listing references
2020-06-03 14:24:09.295  INFO 2796 --- [           main] restmodule.repo.UserRepoTest             : Started UserRepoTest in 1.407 seconds (JVM running for 9.122)
2020-06-03 14:24:09.300  INFO 2796 --- [           main] o.s.t.c.transaction.TransactionContext   : Began transaction (1) for test context [DefaultTestContext@5467016f testClass = UserRepoTest, testInstance = restmodule.repo.UserRepoTest@7fbb3144, testMethod = getServerWithSearchCode@UserRepoTest, testException = [null], mergedContextConfiguration = [WebMergedContextConfiguration@5ea794d2 testClass = UserRepoTest, locations = '{}', classes = '{class restmodule.RestApplication}', contextInitializerClasses = '[]', activeProfiles = '{}', propertySourceLocations = '{classpath:/applicationtest.properties}', propertySourceProperties = '{org.springframework.boot.test.context.SpringBootTestContextBootstrapper=true}', contextCustomizers = set[org.springframework.boot.test.context.filter.ExcludeFilterContextCustomizer@6e2aa843, org.springframework.boot.test.json.DuplicateJsonObjectContextCustomizerFactory$DuplicateJsonObjectContextCustomizer@1224144a, org.springframework.boot.test.mock.mockito.MockitoContextCustomizer@0, org.springframework.boot.test.web.client.TestRestTemplateContextCustomizer@17503f6b, org.springframework.boot.test.autoconfigure.properties.PropertyMappingContextCustomizer@0, org.springframework.boot.test.autoconfigure.web.servlet.WebDriverContextCustomizerFactory$Customizer@7d7758be], resourceBasePath = 'src/main/webapp', contextLoader = 'org.springframework.boot.test.context.SpringBootContextLoader', parent = [null]], attributes = map['org.springframework.test.context.web.ServletTestExecutionListener.activateListener' -> true, 'org.springframework.test.context.web.ServletTestExecutionListener.populatedRequestContextHolder' -> true, 'org.springframework.test.context.web.ServletTestExecutionListener.resetRequestContextHolder' -> true]]; transaction manager [org.springframework.orm.jpa.JpaTransactionManager@30dc14e4]; rollback [true]
2020-06-03 14:24:09.313  INFO 2796 --- [           main] o.s.t.c.transaction.TransactionContext   : Rolled back transaction for test: [DefaultTestContext@5467016f testClass = UserRepoTest, testInstance = restmodule.repo.UserRepoTest@7fbb3144, testMethod = getServerWithSearchCode@UserRepoTest, testException = java.lang.NullPointerException, mergedContextConfiguration = [WebMergedContextConfiguration@5ea794d2 testClass = UserRepoTest, locations = '{}', classes = '{class restmodule.RestApplication}', contextInitializerClasses = '[]', activeProfiles = '{}', propertySourceLocations = '{classpath:/applicationtest.properties}', propertySourceProperties = '{org.springframework.boot.test.context.SpringBootTestContextBootstrapper=true}', contextCustomizers = set[org.springframework.boot.test.context.filter.ExcludeFilterContextCustomizer@6e2aa843, org.springframework.boot.test.json.DuplicateJsonObjectContextCustomizerFactory$DuplicateJsonObjectContextCustomizer@1224144a, org.springframework.boot.test.mock.mockito.MockitoContextCustomizer@0, org.springframework.boot.test.web.client.TestRestTemplateContextCustomizer@17503f6b, org.springframework.boot.test.autoconfigure.properties.PropertyMappingContextCustomizer@0, org.springframework.boot.test.autoconfigure.web.servlet.WebDriverContextCustomizerFactory$Customizer@7d7758be], resourceBasePath = 'src/main/webapp', contextLoader = 'org.springframework.boot.test.context.SpringBootContextLoader', parent = [null]], attributes = map['org.springframework.test.context.web.ServletTestExecutionListener.activateListener' -> true, 'org.springframework.test.context.web.ServletTestExecutionListener.populatedRequestContextHolder' -> true, 'org.springframework.test.context.web.ServletTestExecutionListener.resetRequestContextHolder' -> true]]
]]></system-out>
  </testcase>
</testsuite>